C:\Users\qin\AppData\Local\Programs\Python\Python313\python.exe D:\pythonCode\pc2sensor\connect.py
Connecting to FA:E2:AD:E2:8D:99
Connected!
Gain: 1 (bytes: 01)
Calibration: 7813, Conversion Factor: 0.000488
Started notifications.
Sample rate written.
Notification from 1c930020-d459-11e7-9296-b8e856369374 (Handle: 35): Unknown (64 values):
   0.32, 0.32, 0.31, 0.31, 0.32, 0.32, 0.32, 0.32, 0.32, 0.33
   0.32, 0.31, 0.33, 0.32, 0.31, 0.32, 0.34, 0.33, 0.32, 0.32
   0.32, 0.32, 0.32, 0.33, 0.33, 0.31, 0.32, 0.33, 0.33, 0.33
   0.32, 0.32, 0.32, 0.31, 0.32, 0.33, 0.32, 0.33, 0.32, 0.31
   0.32, 0.32, 0.32, 0.32, 0.32, 0.32, 0.31, 0.32, 0.33, 0.32
   0.31, 0.31, 0.32, 0.32, 0.32, 0.32, 0.31, 0.32, 0.32, 0.32
   0.32, 0.32, 0.32, 0.32
Notification from 1c930020-d459-11e7-9296-b8e856369374 (Handle: 35): Unknown (64 values):
   0.32, 0.32, 0.32, 0.32, 0.32, 0.31, 0.32, 0.32, 0.32, 0.33
   0.32, 0.31, 0.31, 0.31, 0.34, 0.33, 0.31, 0.32, 0.31, 0.30
   0.32, 0.33, 0.32, 0.33, 0.33, 0.32, 0.32, 0.32, 0.33, 0.33
   0.32, 0.32, 0.32, 0.31, 0.32, 0.31, 0.32, 0.32, 0.31, 0.32
   0.33, 0.31, 0.32, 0.33, 0.32, 0.32, 0.32, 0.33, 0.31, 0.32
   0.34, 0.32, 0.32, 0.34, 0.32, 0.32, 0.32, 0.32, 0.32, 0.31
   0.33, 0.32, 0.30, 0.32
Notification from 1c930020-d459-11e7-9296-b8e856369374 (Handle: 35): Unknown (64 values):
   0.32, 0.31, 0.32, 0.32, 0.33, 0.32, 0.32, 0.32, 0.32, 0.32
   0.31, 0.32, 0.32, 0.32, 0.32, 0.31, 0.33, 0.34, 0.32, 0.31
   0.33, 0.33, 0.31, 0.31, 0.33, 0.31, 0.32, 0.32, 0.31, 0.33
   0.31, 0.32, 0.32, 0.29, 0.32, 0.33, 0.31, 0.33, 0.31, 0.31
   0.33, 0.32, 0.32, 0.32, 0.32, 0.33, 0.31, 0.32, 0.31, 0.32
   0.33, 0.31, 0.31, 0.33, 0.32, 0.31, 0.32, 0.33, 0.32, 0.33
   0.33, 0.33, 0.33, 0.33
Notification from 1c930020-d459-11e7-9296-b8e856369374 (Handle: 35): Unknown (64 values):
   0.31, 0.31, 0.32, 0.31, 0.31, 0.32, 0.32, 0.32, 0.33, 0.32
   0.31, 0.33, 0.32, 0.31, 0.32, 0.32, 0.33, 0.31, 0.31, 0.33
   0.31, 0.32, 0.32, 0.31, 0.33, 0.31, 0.31, 0.33, 0.31, 0.31
   0.32, 0.32, 0.33, 0.32, 0.32, 0.32, 0.32, 0.33, 0.31, 0.31
   0.33, 0.32, 0.32, 0.33, 0.32, 0.33, 0.32, 0.31, 0.31, 0.31
   0.31, 0.31, 0.33, 0.33, 0.32, 0.32, 0.32, 0.32, 0.32, 0.33
   0.33, 0.31, 0.31, 0.32
Notification from 1c930020-d459-11e7-9296-b8e856369374 (Handle: 35): Unknown (64 values):
   0.32, 0.33, 0.32, 0.31, 0.33, 0.32, 0.31, 0.31, 0.31, 0.32
   0.32, 0.32, 0.34, 0.32, 0.32, 0.33, 0.32, 0.32, 0.33, 0.33
   0.32, 0.32, 0.33, 0.32, 0.32, 0.31, 0.31, 0.33, 0.32, 0.32
   0.34, 0.32, 0.32, 0.32, 0.32, 0.33, 0.32, 0.31, 0.32, 0.32
   0.31, 0.31, 0.33, 0.33, 0.31, 0.32, 0.32, 0.31, 0.32, 0.32
   0.32, 0.32, 0.31, 0.33, 0.33, 0.31, 0.33, 0.33, 0.31, 0.32
   0.33, 0.32, 0.32, 0.32
Notification from 1c930020-d459-11e7-9296-b8e856369374 (Handle: 35): Unknown (64 values):
   0.31, 0.32, 0.32, 0.31, 0.32, 0.33, 0.32, 0.31, 0.32, 0.31
   0.32, 0.33, 0.32, 0.32, 0.33, 0.32, 0.31, 0.32, 0.32, 0.33
   0.32, 0.31, 0.32, 0.32, 0.31, 0.31, 0.32, 0.32, 0.32, 0.31
   0.31, 0.32, 0.32, 0.32, 0.32, 0.33, 0.32, 0.31, 0.32, 0.32
   0.31, 0.31, 0.32, 0.32, 0.32, 0.32, 0.32, 0.32, 0.32, 0.32
   0.32, 0.32, 0.32, 0.32, 0.32, 0.32, 0.33, 0.32, 0.32, 0.33
   0.32, 0.33, 0.33, 0.31
Notification from 1c930020-d459-11e7-9296-b8e856369374 (Handle: 35): Unknown (64 values):
   0.33, 0.32, 0.31, 0.33, 0.33, 0.33, 0.33, 0.32, 0.33, 0.33
   0.33, 0.33, 0.31, 0.31, 0.33, 0.30, 0.32, 0.33, 0.32, 0.33
   0.32, 0.32, 0.33, 0.30, 0.31, 0.32, 0.31, 0.32, 0.32, 0.32
   0.32, 0.33, 0.33, 0.32, 0.31, 0.32, 0.34, 0.31, 0.31, 0.34
   0.31, 0.31, 0.33, 0.31, 0.30, 0.32, 0.33, 0.33, 0.32, 0.33
   0.32, 0.31, 0.33, 0.33, 0.31, 0.32, 0.32, 0.33, 0.33, 0.32
   0.32, 0.33, 0.32, 0.31
Notification from 1c930020-d459-11e7-9296-b8e856369374 (Handle: 35): Unknown (64 values):
   0.33, 0.32, 0.30, 0.33, 0.32, 0.30, 0.33, 0.33, 0.31, 0.32
   0.32, 0.31, 0.32, 0.32, 0.32, 0.32, 0.32, 0.32, 0.31, 0.31
   0.33, 0.32, 0.31, 0.33, 0.32, 0.30, 0.31, 0.32, 0.32, 0.31
   0.31, 0.33, 0.31, 0.32, 0.33, 0.31, 0.31, 0.32, 0.31, 0.32
   0.32, 0.31, 0.32, 0.32, 0.32, 0.33, 0.32, 0.32, 0.32, 0.32
   0.32, 0.33, 0.32, 0.31, 0.31, 0.33, 0.32, 0.32, 0.33, 0.32
   0.31, 0.32, 0.32, 0.32
Notification from 1c930020-d459-11e7-9296-b8e856369374 (Handle: 35): Unknown (64 values):
   0.33, 0.33, 0.32, 0.31, 0.32, 0.32, 0.32, 0.32, 0.32, 0.31
   0.32, 0.32, 0.32, 0.32, 0.33, 0.33, 0.32, 0.33, 0.33, 0.31
   0.32, 0.33, 0.31, 0.32, 0.32, 0.33, 0.32, 0.31, 0.33, 0.32
   0.30, 0.33, 0.32, 0.32, 0.33, 0.32, 0.32, 0.32, 0.32, 0.33
   0.32, 0.31, 0.32, 0.32, 0.33, 0.32, 0.31, 0.31, 0.32, 0.33
   0.31, 0.31, 0.33, 0.32, 0.32, 0.33, 0.32, 0.32, 0.32, 0.32
   0.33, 0.32, 0.32, 0.32
Notification from 1c930020-d459-11e7-9296-b8e856369374 (Handle: 35): Unknown (64 values):
   0.33, 0.32, 0.32, 0.33, 0.31, 0.31, 0.33, 0.31, 0.32, 0.33
   0.32, 0.32, 0.32, 0.32, 0.31, 0.32, 0.32, 0.31, 0.31, 0.33
   0.32, 0.32, 0.31, 0.32, 0.34, 0.32, 0.31, 0.32, 0.32, 0.32
   0.33, 0.33, 0.32, 0.32, 0.32, 0.32, 0.32, 0.31, 0.32, 0.33
   0.31, 0.31, 0.32, 0.32, 0.32, 0.32, 0.33, 0.32, 0.32, 0.34
   0.32, 0.32, 0.32, 0.32, 0.33, 0.32, 0.32, 0.33, 0.32, 0.32
   0.32, 0.31, 0.32, 0.31
Notification from 1c930020-d459-11e7-9296-b8e856369374 (Handle: 35): Unknown (64 values):
   0.31, 0.32, 0.32, 0.33, 0.32, 0.31, 0.32, 0.31, 0.33, 0.33
   0.32, 0.33, 0.32, 0.32, 0.34, 0.31, 0.30, 0.33, 0.32, 0.31
   0.33, 0.32, 0.31, 0.32, 0.32, 0.32, 0.32, 0.32, 0.31, 0.32
   0.33, 0.32, 0.32, 0.32, 0.31, 0.32, 0.32, 0.31, 0.33, 0.32
   0.32, 0.32, 0.31, 0.32, 0.32, 0.32, 0.33, 0.32, 0.32, 0.32
   0.32, 0.32, 0.32, 0.31, 0.32, 0.33, 0.33, 0.31, 0.31, 0.31
   0.32, 0.33, 0.31, 0.32
Notification from 1c930020-d459-11e7-9296-b8e856369374 (Handle: 35): Unknown (64 values):
   0.32, 0.31, 0.33, 0.32, 0.32, 0.33, 0.32, 0.32, 0.32, 0.32
   0.31, 0.31, 0.32, 0.33, 0.31, 0.31, 0.32, 0.32, 0.31, 0.32
   0.32, 0.32, 0.32, 0.32, 0.32, 0.32, 0.31, 0.31, 0.32, 0.33
   0.33, 0.33, 0.32, 0.32, 0.32, 0.32, 0.31, 0.31, 0.32, 0.31
   0.32, 0.33, 0.32, 0.32, 0.32, 0.31, 0.32, 0.33, 0.32, 0.32
   0.31, 0.32, 0.33, 0.32, 0.32, 0.32, 0.32, 0.32, 0.31, 0.32
   0.32, 0.32, 0.32, 0.32
Notification from 1c930020-d459-11e7-9296-b8e856369374 (Handle: 35): Unknown (64 values):
   0.32, 0.33, 0.32, 0.32, 0.32, 0.32, 0.33, 0.31, 0.32, 0.33
   0.32, 0.31, 0.32, 0.32, 0.33, 0.31, 0.32, 0.32, 0.31, 0.32
   0.32, 0.31, 0.32, 0.33, 0.31, 0.32, 0.32, 0.32, 0.32, 0.31
   0.31, 0.31, 0.32, 0.32, 0.32, 0.32, 0.32, 0.31, 0.32, 0.33
   0.32, 0.32, 0.32, 0.31, 0.32, 0.31, 0.31, 0.33, 0.33, 0.32
   0.32, 0.31, 0.32, 0.32, 0.30, 0.31, 0.33, 0.31, 0.32, 0.33
   0.31, 0.33, 0.32, 0.31
Notification from 1c930020-d459-11e7-9296-b8e856369374 (Handle: 35): Unknown (64 values):
   0.32, 0.32, 0.32, 0.32, 0.31, 0.31, 0.32, 0.32, 0.31, 0.31
   0.32, 0.32, 0.33, 0.32, 0.31, 0.33, 0.32, 0.33, 0.34, 0.32
   0.31, 0.33, 0.31, 0.31, 0.32, 0.32, 0.31, 0.32, 0.32, 0.31
   0.32, 0.32, 0.30, 0.32, 0.33, 0.31, 0.33, 0.32, 0.31, 0.31
   0.31, 0.32, 0.32, 0.32, 0.33, 0.32, 0.32, 0.31, 0.31, 0.33
   0.31, 0.32, 0.33, 0.32, 0.33, 0.32, 0.31, 0.33, 0.32, 0.31
   0.32, 0.32, 0.32, 0.32
Notification from 1c930020-d459-11e7-9296-b8e856369374 (Handle: 35): Unknown (64 values):
   0.32, 0.33, 0.31, 0.31, 0.31, 0.32, 0.32, 0.32, 0.32, 0.31
   0.31, 0.32, 0.32, 0.33, 0.32, 0.31, 0.31, 0.31, 0.32, 0.32
   0.31, 0.32, 0.32, 0.32, 0.32, 0.32, 0.33, 0.31, 0.31, 0.32
   0.33, 0.32, 0.32, 0.32, 0.32, 0.32, 0.32, 0.31, 0.33, 0.33
   0.31, 0.32, 0.32, 0.31, 0.32, 0.32, 0.32, 0.32, 0.32, 0.34
   0.32, 0.31, 0.32, 0.31, 0.32, 0.32, 0.32, 0.32, 0.31, 0.33
   0.33, 0.31, 0.31, 0.31
Notification from 1c930020-d459-11e7-9296-b8e856369374 (Handle: 35): Unknown (64 values):
   0.33, 0.33, 0.32, 0.32, 0.32, 0.32, 0.32, 0.31, 0.31, 0.31
   0.31, 0.33, 0.31, 0.31, 0.33, 0.32, 0.32, 0.31, 0.32, 0.32
   0.31, 0.32, 0.32, 0.32, 0.32, 0.32, 0.31, 0.31, 0.33, 0.31
   0.32, 0.33, 0.32, 0.32, 0.31, 0.32, 0.33, 0.31, 0.32, 0.32
   0.31, 0.33, 0.32, 0.31, 0.32, 0.32, 0.32, 0.33, 0.33, 0.31
   0.31, 0.33, 0.32, 0.32, 0.32, 0.32, 0.32, 0.32, 0.32, 0.32
   0.31, 0.32, 0.32, 0.32
Notification from 1c930020-d459-11e7-9296-b8e856369374 (Handle: 35): Unknown (64 values):
   0.32, 0.31, 0.33, 0.32, 0.32, 0.33, 0.31, 0.32, 0.33, 0.31
   0.32, 0.32, 0.32, 0.33, 0.31, 0.31, 0.33, 0.32, 0.33, 0.31
   0.30, 0.33, 0.32, 0.32, 0.33, 0.32, 0.32, 0.32, 0.32, 0.33
   0.32, 0.32, 0.33, 0.33, 0.33, 0.32, 0.32, 0.32, 0.33, 0.33
   0.32, 0.32, 0.32, 0.31, 0.32, 0.33, 0.31, 0.32, 0.32, 0.32
   0.32, 0.31, 0.32, 0.33, 0.31, 0.33, 0.32, 0.32, 0.33, 0.31
   0.32, 0.34, 0.32, 0.33
Notification from 1c930020-d459-11e7-9296-b8e856369374 (Handle: 35): Unknown (64 values):
   0.32, 0.32, 0.32, 0.31, 0.32, 0.32, 0.32, 0.32, 0.30, 0.31
   0.32, 0.31, 0.33, 0.32, 0.31, 0.33, 0.31, 0.32, 0.33, 0.30
   0.32, 0.32, 0.32, 0.33, 0.31, 0.32, 0.33, 0.31, 0.31, 0.32
   0.31, 0.32, 0.32, 0.32, 0.32, 0.32, 0.32, 0.32, 0.32, 0.32
   0.31, 0.32, 0.33, 0.32, 0.32, 0.33, 0.32, 0.31, 0.31, 0.32
   0.32, 0.33, 0.33, 0.32, 0.31, 0.33, 0.31, 0.31, 0.32, 0.31
   0.31, 0.32, 0.30, 0.32
Notification from 1c930020-d459-11e7-9296-b8e856369374 (Handle: 35): Unknown (64 values):
   0.32, 0.32, 0.32, 0.32, 0.32, 0.31, 0.31, 0.33, 0.32, 0.32
   0.32, 0.33, 0.32, 0.30, 0.33, 0.32, 0.30, 0.33, 0.32, 0.31
   0.33, 0.32, 0.31, 0.32, 0.32, 0.32, 0.32, 0.32, 0.32, 0.32
   0.32, 0.31, 0.33, 0.32, 0.31, 0.32, 0.32, 0.31, 0.31, 0.31
   0.32, 0.32, 0.32, 0.33, 0.32, 0.31, 0.31, 0.32, 0.32, 0.31
   0.32, 0.32, 0.31, 0.33, 0.33, 0.31, 0.31, 0.32, 0.32, 0.32
   0.32, 0.32, 0.32, 0.31
Notification from 1c930020-d459-11e7-9296-b8e856369374 (Handle: 35): Unknown (64 values):
   0.32, 0.32, 0.31, 0.33, 0.32, 0.32, 0.33, 0.32, 0.32, 0.31
   0.32, 0.32, 0.32, 0.33, 0.32, 0.32, 0.32, 0.31, 0.32, 0.32
   0.31, 0.33, 0.32, 0.31, 0.33, 0.31, 0.32, 0.33, 0.31, 0.32
   0.32, 0.31, 0.32, 0.32, 0.32, 0.31, 0.32, 0.33, 0.32, 0.32
   0.31, 0.32, 0.33, 0.32, 0.31, 0.31, 0.32, 0.32, 0.32, 0.33
   0.31, 0.31, 0.32, 0.31, 0.31, 0.32, 0.31, 0.32, 0.32, 0.31
   0.33, 0.32, 0.31, 0.33
Notification from 1c930020-d459-11e7-9296-b8e856369374 (Handle: 35): Unknown (64 values):
   0.33, 0.32, 0.32, 0.32, 0.32, 0.32, 0.31, 0.31, 0.33, 0.32
   0.31, 0.32, 0.32, 0.32, 0.32, 0.32, 0.32, 0.31, 0.32, 0.33
   0.32, 0.31, 0.31, 0.31, 0.33, 0.32, 0.31, 0.32, 0.32, 0.31
   0.32, 0.33, 0.33, 0.31, 0.32, 0.32, 0.30, 0.32, 0.32, 0.32
   0.32, 0.32, 0.33, 0.33, 0.32, 0.32, 0.31, 0.32, 0.32, 0.32
   0.34, 0.31, 0.31, 0.33, 0.32, 0.33, 0.33, 0.32, 0.32, 0.33
   0.32, 0.32, 0.33, 0.32
Notification from 1c930020-d459-11e7-9296-b8e856369374 (Handle: 35): Unknown (64 values):
   0.31, 0.32, 0.32, 0.31, 0.32, 0.32, 0.32, 0.31, 0.32, 0.32
   0.31, 0.31, 0.32, 0.32, 0.32, 0.32, 0.32, 0.32, 0.32, 0.32
   0.31, 0.31, 0.33, 0.32, 0.32, 0.32, 0.33, 0.32, 0.31, 0.32
   0.32, 0.31, 0.32, 0.33, 0.32, 0.33, 0.31, 0.31, 0.32, 0.31
   0.31, 0.33, 0.33, 0.31, 0.32, 0.33, 0.34, 0.32, 0.31, 0.31
   0.32, 0.32, 0.32, 0.32, 0.32, 0.32, 0.33, 0.32, 0.32, 0.32
   0.32, 0.33, 0.32, 0.32
Notification from 1c930020-d459-11e7-9296-b8e856369374 (Handle: 35): Unknown (64 values):
   0.33, 0.32, 0.32, 0.32, 0.31, 0.33, 0.33, 0.32, 0.32, 0.32
   0.32, 0.32, 0.31, 0.32, 0.32, 0.32, 0.33, 0.31, 0.32, 0.33
   0.31, 0.32, 0.32, 0.32, 0.33, 0.33, 0.31, 0.31, 0.33, 0.33
   0.32, 0.31, 0.32, 0.33, 0.32, 0.32, 0.32, 0.31, 0.33, 0.32
   0.31, 0.32, 0.32, 0.33, 0.32, 0.32, 0.33, 0.31, 0.31, 0.33
   0.32, 0.31, 0.32, 0.32, 0.33, 0.32, 0.32, 0.34, 0.33, 0.32
   0.33, 0.32, 0.32, 0.32
Notification from 1c930020-d459-11e7-9296-b8e856369374 (Handle: 35): Unknown (64 values):
   0.31, 0.31, 0.31, 0.31, 0.33, 0.31, 0.30, 0.33, 0.32, 0.32
   0.32, 0.31, 0.32, 0.32, 0.31, 0.32, 0.31, 0.32, 0.33, 0.32
   0.31, 0.32, 0.32, 0.31, 0.33, 0.33, 0.32, 0.33, 0.32, 0.32
   0.33, 0.32, 0.32, 0.33, 0.32, 0.32, 0.32, 0.33, 0.33, 0.32
   0.31, 0.32, 0.32, 0.32, 0.32, 0.32, 0.32, 0.32, 0.31, 0.31
   0.33, 0.31, 0.32, 0.33, 0.31, 0.32, 0.33, 0.31, 0.32, 0.32
   0.31, 0.32, 0.32, 0.33
Notification from 1c930020-d459-11e7-9296-b8e856369374 (Handle: 35): Unknown (64 values):
   0.33, 0.32, 0.33, 0.32, 0.31, 0.33, 0.32, 0.31, 0.33, 0.33
   0.32, 0.32, 0.32, 0.32, 0.32, 0.31, 0.32, 0.32, 0.32, 0.33
   0.32, 0.31, 0.33, 0.34, 0.32, 0.32, 0.32, 0.32, 0.32, 0.33
   0.33, 0.32, 0.32, 0.33, 0.33, 0.33, 0.32, 0.32, 0.32, 0.33
   0.31, 0.32, 0.33, 0.32, 0.32, 0.33, 0.32, 0.31, 0.32, 0.32
   0.31, 0.31, 0.32, 0.33, 0.33, 0.32, 0.31, 0.32, 0.33, 0.33
   0.32, 0.32, 0.32, 0.31
Notification from 1c930020-d459-11e7-9296-b8e856369374 (Handle: 35): Unknown (64 values):
   0.32, 0.32, 0.32, 0.33, 0.32, 0.31, 0.32, 0.32, 0.31, 0.33
   0.32, 0.32, 0.32, 0.31, 0.32, 0.31, 0.31, 0.33, 0.32, 0.31
   0.33, 0.32, 0.32, 0.31, 0.31, 0.32, 0.32, 0.32, 0.31, 0.31
   0.32, 0.33, 0.34, 0.32, 0.31, 0.32, 0.32, 0.32, 0.33, 0.32
   0.31, 0.31, 0.31, 0.32, 0.31, 0.32, 0.32, 0.31, 0.33, 0.33
   0.32, 0.32, 0.32, 0.32, 0.31, 0.31, 0.32, 0.32, 0.32, 0.32
   0.32, 0.32, 0.33, 0.33
