C:\Users\qin\AppData\Local\Programs\Python\Python313\python.exe D:\pythonCode\pc2sensor\connect.py
Connecting to FA:E2:AD:E2:8D:99
Connected!
Gain: 1 (bytes: 01)
Calibration: 7813, Conversion Factor: 0.000488
Started notifications.
Sample rate written.
Notification from 1c930020-d459-11e7-9296-b8e856369374 (Handle: 35): Unknown (64 values):
   0.96, 0.96, 0.96, 0.95, 0.95, 0.95, 0.97, 0.94, 0.94, 0.96
   0.94, 0.95, 0.96, 0.95, 0.95, 0.94, 0.95, 0.96, 0.94, 0.95
   0.95, 0.93, 0.95, 0.96, 0.96, 0.95, 0.95, 0.96, 0.95, 0.95
   0.95, 0.95, 0.96, 0.96, 0.96, 0.97, 0.95, 0.96, 0.95, 0.94
   0.96, 0.95, 0.95, 0.97, 0.96, 0.97, 0.96, 0.95, 0.95, 0.95
   0.95, 0.96, 0.96, 0.96, 0.96, 0.95, 0.95, 0.95, 0.95, 0.95
   0.96, 0.95, 0.95, 0.96
Notification from 1c930020-d459-11e7-9296-b8e856369374 (Handle: 35): Unknown (64 values):
   0.96, 0.95, 0.95, 0.96, 0.97, 0.96, 0.96, 0.97, 0.96, 0.95
   0.96, 0.95, 0.95, 0.94, 0.96, 0.95, 0.93, 0.95, 0.95, 0.95
   0.96, 0.96, 0.95, 0.95, 0.96, 0.95, 0.95, 0.95, 0.95, 0.96
   0.95, 0.95, 0.96, 0.95, 0.96, 0.95, 0.95, 0.95, 0.95, 0.95
   0.96, 0.95, 0.95, 0.95, 0.95, 0.95, 0.95, 0.96, 0.95, 0.95
   0.97, 0.96, 0.96, 0.95, 0.93, 0.96, 0.95, 0.95, 0.97, 0.94
   0.96, 0.96, 0.95, 0.97

Process finished with exit code 0